生成启动时间为 2017/4/23 12:58:40。
     1>项目“F:\Mailko\Documents\GitHub\MyCode\SVN_Code\DirectX 3D HLSL高级实例精讲\Mosaic\Mosaic.vcxproj”在节点 2 上(Build 个目标)。
     1>ClCompile:
         C:\Program Files (x86)\Microsoft Visual Studio 14.0\VC\bin\CL.exe /c /ZI /nologo /W3 /WX- /Od /Oy- /D WIN32 /D _DEBUG /D _WINDOWS /D _MBCS /Gm /EHsc /RTC1 /MDd /GS /fp:precise /Zc:wchar_t /Zc:forScope /Zc:inline /Fo"Debug\\" /Fd"Debug\vc140.pdb" /Gd /TP /analyze- /errorReport:prompt Main.cpp
         Main.cpp
     1>f:\mailko\documents\github\mycode\svn_code\directx 3d hlsl高级实例精讲\engine\target\camera.h(33): warning C4251: “Camera::_right”: struct“D3DXVECTOR3”需要有 dll 接口由 class“Camera”的客户端使用
         d:\program files (x86)\microsoft directx sdk (june 2010)\include\d3dx9math.h(162): note: 参见“D3DXVECTOR3”的声明
     1>f:\mailko\documents\github\mycode\svn_code\directx 3d hlsl高级实例精讲\engine\target\camera.h(34): warning C4251: “Camera::_up”: struct“D3DXVECTOR3”需要有 dll 接口由 class“Camera”的客户端使用
         d:\program files (x86)\microsoft directx sdk (june 2010)\include\d3dx9math.h(162): note: 参见“D3DXVECTOR3”的声明
     1>f:\mailko\documents\github\mycode\svn_code\directx 3d hlsl高级实例精讲\engine\target\camera.h(35): warning C4251: “Camera::_look”: struct“D3DXVECTOR3”需要有 dll 接口由 class“Camera”的客户端使用
         d:\program files (x86)\microsoft directx sdk (june 2010)\include\d3dx9math.h(162): note: 参见“D3DXVECTOR3”的声明
     1>f:\mailko\documents\github\mycode\svn_code\directx 3d hlsl高级实例精讲\engine\target\camera.h(36): warning C4251: “Camera::_pos”: struct“D3DXVECTOR3”需要有 dll 接口由 class“Camera”的客户端使用
         d:\program files (x86)\microsoft directx sdk (june 2010)\include\d3dx9math.h(162): note: 参见“D3DXVECTOR3”的声明
         c:\program files (x86)\windows kits\8.1\include\um\dinput.h: DIRECTINPUT_VERSION undefined. Defaulting to version 0x0800
     1>f:\mailko\documents\github\mycode\svn_code\directx 3d hlsl高级实例精讲\engine\target\d3dutility.h(53): warning C4251: “CD3dUtility::m_WindowName”: class“std::basic_string<char,std::char_traits<char>,std::allocator<char>>”需要有 dll 接口由 class“CD3dUtility”的客户端使用
     1>f:\mailko\documents\github\mycode\svn_code\directx 3d hlsl高级实例精讲\engine\target\crenderobject.h(26): warning C4251: “CRenderObject::m_vCenter”: struct“D3DXVECTOR3”需要有 dll 接口由 class“CRenderObject”的客户端使用
         d:\program files (x86)\microsoft directx sdk (june 2010)\include\d3dx9math.h(162): note: 参见“D3DXVECTOR3”的声明
     1>f:\mailko\documents\github\mycode\svn_code\directx 3d hlsl高级实例精讲\engine\target\crenderobjectcube.h(32): warning C4251: “CRenderObjectCube::m_vCenter”: struct“D3DXVECTOR3”需要有 dll 接口由 class“CRenderObjectCube”的客户端使用
         d:\program files (x86)\microsoft directx sdk (june 2010)\include\d3dx9math.h(162): note: 参见“D3DXVECTOR3”的声明
     1>f:\mailko\documents\github\mycode\svn_code\directx 3d hlsl高级实例精讲\engine\target\crendercubetexture.h(19): warning C4251: “CRenderCubeTexture::m_matView”: struct“D3DXMATRIX”需要有 dll 接口由 class“CRenderCubeTexture”的客户端使用
         d:\program files (x86)\microsoft directx sdk (june 2010)\include\d3dx9math.h(312): note: 参见“D3DXMATRIX”的声明
     1>f:\mailko\documents\github\mycode\svn_code\directx 3d hlsl高级实例精讲\engine\target\cshadowvolumemesh.h(45): warning C4251: “CShadowVolumeMesh::m_vCenter”: struct“D3DXVECTOR3”需要有 dll 接口由 class“CShadowVolumeMesh”的客户端使用
         d:\program files (x86)\microsoft directx sdk (june 2010)\include\d3dx9math.h(162): note: 参见“D3DXVECTOR3”的声明
     1>f:\mailko\documents\github\mycode\svn_code\directx 3d hlsl高级实例精讲\mosaic\main.cpp(157): warning C4244: “参数”: 从“int”转换到“FLOAT”，可能丢失数据
       Link:
         C:\Program Files (x86)\Microsoft Visual Studio 14.0\VC\bin\link.exe /ERRORREPORT:PROMPT /OUT:"F:\Mailko\Documents\GitHub\MyCode\SVN_Code\DirectX 3D HLSL高级实例精讲\Debug\Mosaic.exe" /INCREMENTAL /NOLOGO /LIBPATH:"D:\Program Files (x86)\Microsoft DirectX SDK (June 2010)\LIB\X86" d3d9.lib d3dx9.lib kernel32.lib user32.lib gdi32.lib winspool.lib comdlg32.lib advapi32.lib shell32.lib ole32.lib oleaut32.lib uuid.lib odbc32.lib odbccp32.lib /MANIFEST /MANIFESTUAC:"level='asInvoker' uiAccess='false'" /manifest:embed /Debug /PDB:"F:\Mailko\Documents\GitHub\MyCode\SVN_Code\DirectX 3D HLSL高级实例精讲\Debug\Mosaic.pdb" /SUBSYSTEM:WINDOWS /TLBID:1 /DYNAMICBASE /NXCOMPAT /IMPLIB:"F:\Mailko\Documents\GitHub\MyCode\SVN_Code\DirectX 3D HLSL高级实例精讲\Debug\Mosaic.lib" /MACHINE:X86 Debug\Main.obj
         "F:\Mailko\Documents\GitHub\MyCode\SVN_Code\DirectX 3D HLSL高级实例精讲\Debug\Engine.lib"
         Mosaic.vcxproj -> F:\Mailko\Documents\GitHub\MyCode\SVN_Code\DirectX 3D HLSL高级实例精讲\Debug\Mosaic.exe
     1>已完成生成项目“F:\Mailko\Documents\GitHub\MyCode\SVN_Code\DirectX 3D HLSL高级实例精讲\Mosaic\Mosaic.vcxproj”(Build 个目标)的操作。

已成功生成。

已用时间 00:00:01.26
