生成启动时间为 2017/4/23 12:56:22。
     1>项目“F:\Mailko\Documents\GitHub\MyCode\SVN_Code\DirectX 3D HLSL高级实例精讲\Engine\Engine.vcxproj”在节点 2 上(Build 个目标)。
     1>ClCompile:
         C:\Program Files (x86)\Microsoft Visual Studio 14.0\VC\bin\x86_amd64\CL.exe /c /ZI /nologo /W3 /WX- /Od /D _DEBUG /D _WINDOWS /D _USRDLL /D ENGINE_EXPORTS /D _WINDLL /D _UNICODE /D UNICODE /Gm /EHsc /RTC1 /MDd /GS /fp:precise /Zc:wchar_t /Zc:forScope /Zc:inline /Fo"x64\Debug\\" /Fd"x64\Debug\vc140.pdb" /Gd /TP /errorReport:prompt Src\CBoard.cpp Src\CRenderCubeTexture.cpp Src\CRenderObject.cpp Src\CRenderObjectCube.cpp Src\CRenderTexture.cpp Src\CShadowVolumeMesh.cpp Src\DirectInputClass.cpp Src\ShmFile.cpp Src\camera.cpp Src\d3dUtility.cpp
         d3dUtility.cpp
     1>f:\mailko\documents\github\mycode\svn_code\directx 3d hlsl高级实例精讲\engine\src\d3dutility.cpp(3): fatal error C1083: 无法打开包括文件: “d3dUtility.h”: No such file or directory
         camera.cpp
     1>f:\mailko\documents\github\mycode\svn_code\directx 3d hlsl高级实例精讲\engine\src\camera.cpp(2): fatal error C1083: 无法打开包括文件: “camera.h”: No such file or directory
         ShmFile.cpp
     1>f:\mailko\documents\github\mycode\svn_code\directx 3d hlsl高级实例精讲\engine\src\shmfile.cpp(2): fatal error C1083: 无法打开包括文件: “ShmFile.h”: No such file or directory
         DirectInputClass.cpp
     1>f:\mailko\documents\github\mycode\svn_code\directx 3d hlsl高级实例精讲\engine\src\directinputclass.cpp(6): fatal error C1083: 无法打开包括文件: “DirectInputClass.h”: No such file or directory
         CShadowVolumeMesh.cpp
     1>f:\mailko\documents\github\mycode\svn_code\directx 3d hlsl高级实例精讲\engine\src\cshadowvolumemesh.cpp(2): fatal error C1083: 无法打开包括文件: “CShadowVolumeMesh.h”: No such file or directory
         CRenderTexture.cpp
     1>f:\mailko\documents\github\mycode\svn_code\directx 3d hlsl高级实例精讲\engine\src\crendertexture.cpp(2): fatal error C1083: 无法打开包括文件: “CRenderTexture.h”: No such file or directory
         CRenderObjectCube.cpp
     1>f:\mailko\documents\github\mycode\svn_code\directx 3d hlsl高级实例精讲\engine\src\crenderobjectcube.cpp(2): fatal error C1083: 无法打开包括文件: “CRenderObjectCube.h”: No such file or directory
         CRenderObject.cpp
     1>f:\mailko\documents\github\mycode\svn_code\directx 3d hlsl高级实例精讲\engine\src\crenderobject.cpp(2): fatal error C1083: 无法打开包括文件: “CRenderObject.h”: No such file or directory
         CRenderCubeTexture.cpp
     1>f:\mailko\documents\github\mycode\svn_code\directx 3d hlsl高级实例精讲\engine\src\crendercubetexture.cpp(2): fatal error C1083: 无法打开包括文件: “CRenderCubeTexture.h”: No such file or directory
         CBoard.cpp
     1>f:\mailko\documents\github\mycode\svn_code\directx 3d hlsl高级实例精讲\engine\src\cboard.cpp(2): fatal error C1083: 无法打开包括文件: “CBoard.h”: No such file or directory
         正在生成代码...
     1>已完成生成项目“F:\Mailko\Documents\GitHub\MyCode\SVN_Code\DirectX 3D HLSL高级实例精讲\Engine\Engine.vcxproj”(Build 个目标)的操作 - 失败。

生成失败。

已用时间 00:00:00.51
